{"contracts/interfaces/IAaveV3Pool.sol":{"l":{},"path":"/Users/stanislavtrenev/Projects/return-ethglobal/contracts/interfaces/IAaveV3Pool.sol","s":{},"b":{},"f":{},"fnMap":{},"statementMap":{},"branchMap":{}},"contracts/interfaces/ICompoundUSDCV3.sol":{"l":{},"path":"/Users/stanislavtrenev/Projects/return-ethglobal/contracts/interfaces/ICompoundUSDCV3.sol","s":{},"b":{},"f":{},"fnMap":{},"statementMap":{},"branchMap":{}},"contracts/interfaces/IConicLpTokenStaker.sol":{"l":{},"path":"/Users/stanislavtrenev/Projects/return-ethglobal/contracts/interfaces/IConicLpTokenStaker.sol","s":{},"b":{},"f":{},"fnMap":{},"statementMap":{},"branchMap":{}},"contracts/interfaces/IConicOmniPool.sol":{"l":{},"path":"/Users/stanislavtrenev/Projects/return-ethglobal/contracts/interfaces/IConicOmniPool.sol","s":{},"b":{},"f":{},"fnMap":{},"statementMap":{},"branchMap":{}},"contracts/interfaces/IConicRewardManager.sol":{"l":{},"path":"/Users/stanislavtrenev/Projects/return-ethglobal/contracts/interfaces/IConicRewardManager.sol","s":{},"b":{},"f":{},"fnMap":{},"statementMap":{},"branchMap":{}},"contracts/interfaces/ICurvePoolV2.sol":{"l":{},"path":"/Users/stanislavtrenev/Projects/return-ethglobal/contracts/interfaces/ICurvePoolV2.sol","s":{},"b":{},"f":{},"fnMap":{},"statementMap":{},"branchMap":{}},"contracts/interfaces/ISwapRouter.sol":{"l":{},"path":"/Users/stanislavtrenev/Projects/return-ethglobal/contracts/interfaces/ISwapRouter.sol","s":{},"b":{},"f":{},"fnMap":{},"statementMap":{},"branchMap":{}},"contracts/interfaces/IYearnVault.sol":{"l":{},"path":"/Users/stanislavtrenev/Projects/return-ethglobal/contracts/interfaces/IYearnVault.sol","s":{},"b":{},"f":{},"fnMap":{},"statementMap":{},"branchMap":{}},"contracts/mock/MockUSDC.sol":{"l":{},"path":"/Users/stanislavtrenev/Projects/return-ethglobal/contracts/mock/MockUSDC.sol","s":{},"b":{},"f":{"1":0},"fnMap":{"1":{"name":"constructor","line":7,"loc":{"start":{"line":7,"column":4},"end":{"line":7,"column":45}}}},"statementMap":{},"branchMap":{}},"contracts/ReturnFinanceUSDCVault.sol":{"l":{"143":32,"144":30,"152":13,"153":13,"169":3,"170":3,"172":3,"173":3,"174":3,"175":3,"182":3,"201":9,"202":9,"204":9,"205":9,"206":9,"208":9,"226":4,"228":4,"229":4,"231":4,"234":4,"235":4,"238":4,"240":4,"242":4,"244":4,"262":2,"263":2,"265":2,"267":2,"268":2,"269":2,"270":2,"272":2,"273":2,"275":2,"289":2,"290":1,"291":1,"292":1,"294":1,"295":1,"296":1,"306":2,"308":2,"315":1,"322":1,"370":17,"371":17,"375":17,"376":8,"379":17,"380":8,"383":17,"384":8,"387":17,"389":17,"390":8,"392":8,"393":1,"395":7,"405":3,"406":3,"407":3,"410":3,"411":3,"412":3,"415":3,"416":3,"417":3,"420":3,"421":3,"422":3,"425":3,"433":1,"434":1,"436":1,"444":14,"456":17,"464":17,"472":21,"480":21,"488":25,"496":1,"505":12,"506":12,"507":12,"508":12,"510":12,"512":12,"513":12,"514":12,"515":12,"519":12,"521":12,"522":12,"523":12,"524":12,"528":12,"530":12,"531":12,"532":12,"533":12,"537":12,"539":12,"541":12,"542":12,"543":12,"552":4,"553":4,"554":4,"555":4,"557":4,"558":4,"559":4,"560":4,"564":4,"565":4,"566":4,"567":4,"571":4,"572":4,"573":4,"574":4,"575":4,"576":4,"577":4,"583":4,"584":4,"585":4,"586":4,"587":4,"588":4,"589":4,"602":24,"603":24,"613":8,"615":8,"625":8},"path":"/Users/stanislavtrenev/Projects/return-ethglobal/contracts/ReturnFinanceUSDCVault.sol","s":{"1":32,"2":13,"3":3,"4":3,"5":9,"6":9,"7":9,"8":9,"9":9,"10":4,"11":4,"12":4,"13":4,"14":4,"15":4,"16":4,"17":4,"18":4,"19":2,"20":2,"21":2,"22":2,"23":2,"24":2,"25":2,"26":1,"27":1,"28":1,"29":1,"30":1,"31":1,"32":2,"33":1,"34":1,"35":17,"36":17,"37":17,"38":8,"39":17,"40":8,"41":17,"42":8,"43":17,"44":17,"45":8,"46":7,"47":3,"48":3,"49":3,"50":3,"51":3,"52":3,"53":3,"54":3,"55":3,"56":3,"57":3,"58":3,"59":3,"60":1,"61":1,"62":1,"63":14,"64":17,"65":17,"66":21,"67":21,"68":25,"69":1,"70":12,"71":12,"72":12,"73":12,"74":12,"75":12,"76":12,"77":12,"78":12,"79":12,"80":12,"81":12,"82":12,"83":12,"84":12,"85":12,"86":12,"87":12,"88":12,"89":12,"90":4,"91":4,"92":4,"93":4,"94":4,"95":4,"96":4,"97":4,"98":4,"99":4,"100":4,"101":4,"102":4,"103":4,"104":4,"105":4,"106":4,"107":4,"108":4,"109":4,"110":24,"111":24,"112":8,"113":8},"b":{"1":[2,30],"2":[0,3],"3":[9,1],"4":[9,0],"5":[9,0],"6":[0,9],"7":[9,0],"8":[4,0],"9":[4,0],"10":[4,0],"11":[4,0],"12":[4,0],"13":[4,0],"14":[0,4],"15":[2,0],"16":[0,2],"17":[2,0],"18":[1,1],"19":[0,1],"20":[0,1],"21":[2,1],"22":[1,1],"23":[1,1],"24":[18,0],"25":[17,1],"26":[17,0],"27":[8,9],"28":[8,9],"29":[8,9],"30":[8,9],"31":[1,7],"32":[3,0],"33":[3,0],"34":[3,0],"35":[3,0],"36":[3,0],"37":[1,0],"38":[12,0],"39":[12,0],"40":[12,0],"41":[12,0],"42":[12,0],"43":[12,0],"44":[12,0],"45":[12,0],"46":[4,0],"47":[4,0],"48":[4,0],"49":[2,2],"50":[4,0],"51":[2,2],"52":[24,0],"53":[8,0]},"f":{"1":32,"2":13,"3":3,"4":9,"5":4,"6":2,"7":2,"8":2,"9":1,"10":1,"11":0,"12":0,"13":0,"14":0,"15":17,"16":3,"17":1,"18":14,"19":17,"20":17,"21":21,"22":21,"23":25,"24":1,"25":12,"26":4,"27":24,"28":8},"fnMap":{"1":{"name":"onlyWhitelist","line":142,"loc":{"start":{"line":142,"column":4},"end":{"line":145,"column":4}}},"2":{"name":"harvestRewards","line":151,"loc":{"start":{"line":151,"column":4},"end":{"line":154,"column":4}}},"3":{"name":"constructor","line":168,"loc":{"start":{"line":163,"column":4},"end":{"line":176,"column":4}}},"4":{"name":"deposit","line":200,"loc":{"start":{"line":194,"column":4},"end":{"line":209,"column":4}}},"5":{"name":"withdraw","line":223,"loc":{"start":{"line":219,"column":4},"end":{"line":245,"column":4}}},"6":{"name":"updatePoolWeightsAndRebalance","line":261,"loc":{"start":{"line":255,"column":4},"end":{"line":282,"column":4}}},"7":{"name":"sweepFunds","line":288,"loc":{"start":{"line":288,"column":4},"end":{"line":298,"column":4}}},"8":{"name":"toggleWhitelist","line":305,"loc":{"start":{"line":305,"column":4},"end":{"line":309,"column":4}}},"9":{"name":"pause","line":314,"loc":{"start":{"line":314,"column":4},"end":{"line":316,"column":4}}},"10":{"name":"unpause","line":321,"loc":{"start":{"line":321,"column":4},"end":{"line":323,"column":4}}},"11":{"name":"deposit","line":331,"loc":{"start":{"line":331,"column":4},"end":{"line":331,"column":97}}},"12":{"name":"withdraw","line":340,"loc":{"start":{"line":340,"column":4},"end":{"line":340,"column":113}}},"13":{"name":"redeem","line":349,"loc":{"start":{"line":349,"column":4},"end":{"line":349,"column":111}}},"14":{"name":"mint","line":357,"loc":{"start":{"line":357,"column":4},"end":{"line":357,"column":94}}},"15":{"name":"harvestConicRewardsAndSwapForUnderlying","line":367,"loc":{"start":{"line":364,"column":4},"end":{"line":398,"column":4}}},"16":{"name":"rescueFunds","line":404,"loc":{"start":{"line":404,"column":4},"end":{"line":426,"column":4}}},"17":{"name":"reDepositUnderlyingIntoPools","line":432,"loc":{"start":{"line":432,"column":4},"end":{"line":437,"column":4}}},"18":{"name":"totalAssets","line":443,"loc":{"start":{"line":443,"column":4},"end":{"line":449,"column":4}}},"19":{"name":"getAaveEthUSDCBalance","line":455,"loc":{"start":{"line":455,"column":4},"end":{"line":457,"column":4}}},"20":{"name":"getCompoundUSDCV3Balance","line":463,"loc":{"start":{"line":463,"column":4},"end":{"line":465,"column":4}}},"21":{"name":"getYVUSDCBalance","line":471,"loc":{"start":{"line":471,"column":4},"end":{"line":473,"column":4}}},"22":{"name":"getConicLpTokenBalance","line":479,"loc":{"start":{"line":479,"column":4},"end":{"line":481,"column":4}}},"23":{"name":"getUSDCBalance","line":487,"loc":{"start":{"line":487,"column":4},"end":{"line":489,"column":4}}},"24":{"name":"getClaimableRewardsFromConic","line":495,"loc":{"start":{"line":495,"column":4},"end":{"line":497,"column":4}}},"25":{"name":"_depositToPools","line":504,"loc":{"start":{"line":504,"column":4},"end":{"line":545,"column":4}}},"26":{"name":"_withdrawFromPools","line":551,"loc":{"start":{"line":551,"column":4},"end":{"line":593,"column":4}}},"27":{"name":"_swapRewardTokenForWeth","line":601,"loc":{"start":{"line":601,"column":4},"end":{"line":604,"column":4}}},"28":{"name":"_swapWethForUnderlying","line":612,"loc":{"start":{"line":612,"column":4},"end":{"line":626,"column":4}}}},"statementMap":{"1":{"start":{"line":143,"column":8},"end":{"line":143,"column":73}},"2":{"start":{"line":152,"column":8},"end":{"line":152,"column":60}},"3":{"start":{"line":169,"column":8},"end":{"line":169,"column":118}},"4":{"start":{"line":170,"column":8},"end":{"line":170,"column":72}},"5":{"start":{"line":201,"column":8},"end":{"line":201,"column":77}},"6":{"start":{"line":202,"column":8},"end":{"line":202,"column":80}},"7":{"start":{"line":205,"column":8},"end":{"line":205,"column":55}},"8":{"start":{"line":206,"column":8},"end":{"line":206,"column":48}},"9":{"start":{"line":208,"column":8},"end":{"line":208,"column":73}},"10":{"start":{"line":226,"column":8},"end":{"line":226,"column":53}},"11":{"start":{"line":228,"column":8},"end":{"line":228,"column":68}},"12":{"start":{"line":229,"column":8},"end":{"line":229,"column":75}},"13":{"start":{"line":231,"column":8},"end":{"line":231,"column":57}},"14":{"start":{"line":234,"column":8},"end":{"line":234,"column":9702}},"15":{"start":{"line":235,"column":12},"end":{"line":235,"column":69}},"16":{"start":{"line":240,"column":8},"end":{"line":240,"column":87}},"17":{"start":{"line":242,"column":8},"end":{"line":242,"column":66}},"18":{"start":{"line":244,"column":8},"end":{"line":244,"column":72}},"19":{"start":{"line":262,"column":8},"end":{"line":262,"column":33}},"20":{"start":{"line":263,"column":8},"end":{"line":263,"column":10958}},"21":{"start":{"line":265,"column":8},"end":{"line":265,"column":72}},"22":{"start":{"line":272,"column":8},"end":{"line":272,"column":48}},"23":{"start":{"line":273,"column":8},"end":{"line":273,"column":55}},"24":{"start":{"line":275,"column":8},"end":{"line":275,"column":11419}},"25":{"start":{"line":289,"column":8},"end":{"line":289,"column":11840}},"26":{"start":{"line":290,"column":12},"end":{"line":290,"column":76}},"27":{"start":{"line":291,"column":12},"end":{"line":291,"column":53}},"28":{"start":{"line":292,"column":12},"end":{"line":292,"column":74}},"29":{"start":{"line":294,"column":12},"end":{"line":294,"column":106}},"30":{"start":{"line":295,"column":12},"end":{"line":295,"column":61}},"31":{"start":{"line":296,"column":12},"end":{"line":296,"column":91}},"32":{"start":{"line":308,"column":8},"end":{"line":308,"column":79}},"33":{"start":{"line":315,"column":8},"end":{"line":315,"column":15}},"34":{"start":{"line":322,"column":8},"end":{"line":322,"column":17}},"35":{"start":{"line":370,"column":8},"end":{"line":370,"column":15019}},"36":{"start":{"line":371,"column":12},"end":{"line":371,"column":15140}},"37":{"start":{"line":375,"column":12},"end":{"line":375,"column":15286}},"38":{"start":{"line":376,"column":16},"end":{"line":376,"column":75}},"39":{"start":{"line":379,"column":12},"end":{"line":379,"column":15413}},"40":{"start":{"line":380,"column":16},"end":{"line":380,"column":75}},"41":{"start":{"line":383,"column":12},"end":{"line":383,"column":15540}},"42":{"start":{"line":384,"column":16},"end":{"line":384,"column":75}},"43":{"start":{"line":387,"column":12},"end":{"line":387,"column":73}},"44":{"start":{"line":389,"column":12},"end":{"line":389,"column":15743}},"45":{"start":{"line":392,"column":16},"end":{"line":392,"column":15862}},"46":{"start":{"line":395,"column":16},"end":{"line":395,"column":101}},"47":{"start":{"line":405,"column":8},"end":{"line":405,"column":55}},"48":{"start":{"line":406,"column":8},"end":{"line":406,"column":16373}},"49":{"start":{"line":407,"column":12},"end":{"line":407,"column":74}},"50":{"start":{"line":410,"column":8},"end":{"line":410,"column":57}},"51":{"start":{"line":411,"column":8},"end":{"line":411,"column":16553}},"52":{"start":{"line":412,"column":12},"end":{"line":412,"column":81}},"53":{"start":{"line":415,"column":8},"end":{"line":415,"column":52}},"54":{"start":{"line":416,"column":8},"end":{"line":416,"column":16734}},"55":{"start":{"line":417,"column":12},"end":{"line":417,"column":75}},"56":{"start":{"line":420,"column":8},"end":{"line":420,"column":61}},"57":{"start":{"line":421,"column":8},"end":{"line":421,"column":16921}},"58":{"start":{"line":422,"column":12},"end":{"line":422,"column":89}},"59":{"start":{"line":425,"column":8},"end":{"line":425,"column":107}},"60":{"start":{"line":433,"column":8},"end":{"line":433,"column":59}},"61":{"start":{"line":434,"column":8},"end":{"line":434,"column":66}},"62":{"start":{"line":436,"column":8},"end":{"line":436,"column":72}},"63":{"start":{"line":444,"column":8},"end":{"line":444,"column":17930}},"64":{"start":{"line":456,"column":8},"end":{"line":456,"column":58}},"65":{"start":{"line":464,"column":8},"end":{"line":464,"column":57}},"66":{"start":{"line":472,"column":8},"end":{"line":472,"column":60}},"67":{"start":{"line":480,"column":8},"end":{"line":480,"column":116}},"68":{"start":{"line":488,"column":8},"end":{"line":488,"column":52}},"69":{"start":{"line":496,"column":8},"end":{"line":496,"column":88}},"70":{"start":{"line":505,"column":8},"end":{"line":505,"column":39}},"71":{"start":{"line":506,"column":8},"end":{"line":506,"column":43}},"72":{"start":{"line":507,"column":8},"end":{"line":507,"column":40}},"73":{"start":{"line":508,"column":8},"end":{"line":508,"column":40}},"74":{"start":{"line":510,"column":8},"end":{"line":510,"column":55}},"75":{"start":{"line":512,"column":8},"end":{"line":512,"column":20678}},"76":{"start":{"line":514,"column":12},"end":{"line":514,"column":104}},"77":{"start":{"line":515,"column":12},"end":{"line":515,"column":83}},"78":{"start":{"line":519,"column":8},"end":{"line":519,"column":61}},"79":{"start":{"line":521,"column":8},"end":{"line":521,"column":21137}},"80":{"start":{"line":523,"column":12},"end":{"line":523,"column":110}},"81":{"start":{"line":524,"column":12},"end":{"line":524,"column":75}},"82":{"start":{"line":528,"column":8},"end":{"line":528,"column":61}},"83":{"start":{"line":530,"column":8},"end":{"line":530,"column":21625}},"84":{"start":{"line":532,"column":12},"end":{"line":532,"column":110}},"85":{"start":{"line":533,"column":12},"end":{"line":533,"column":66}},"86":{"start":{"line":537,"column":8},"end":{"line":537,"column":69}},"87":{"start":{"line":539,"column":8},"end":{"line":539,"column":22042}},"88":{"start":{"line":542,"column":12},"end":{"line":542,"column":118}},"89":{"start":{"line":543,"column":12},"end":{"line":543,"column":119}},"90":{"start":{"line":552,"column":8},"end":{"line":552,"column":40}},"91":{"start":{"line":553,"column":8},"end":{"line":553,"column":44}},"92":{"start":{"line":554,"column":8},"end":{"line":554,"column":41}},"93":{"start":{"line":555,"column":8},"end":{"line":555,"column":45}},"94":{"start":{"line":557,"column":8},"end":{"line":557,"column":55}},"95":{"start":{"line":558,"column":8},"end":{"line":558,"column":22989}},"96":{"start":{"line":560,"column":12},"end":{"line":560,"column":83}},"97":{"start":{"line":564,"column":8},"end":{"line":564,"column":61}},"98":{"start":{"line":565,"column":8},"end":{"line":565,"column":23305}},"99":{"start":{"line":567,"column":12},"end":{"line":567,"column":78}},"100":{"start":{"line":571,"column":8},"end":{"line":571,"column":61}},"101":{"start":{"line":572,"column":8},"end":{"line":572,"column":23622}},"102":{"start":{"line":574,"column":12},"end":{"line":574,"column":77}},"103":{"start":{"line":575,"column":12},"end":{"line":575,"column":102}},"104":{"start":{"line":576,"column":12},"end":{"line":576,"column":59}},"105":{"start":{"line":583,"column":8},"end":{"line":583,"column":69}},"106":{"start":{"line":584,"column":8},"end":{"line":584,"column":24321}},"107":{"start":{"line":586,"column":12},"end":{"line":586,"column":86}},"108":{"start":{"line":587,"column":12},"end":{"line":587,"column":94}},"109":{"start":{"line":588,"column":12},"end":{"line":588,"column":65}},"110":{"start":{"line":602,"column":8},"end":{"line":602,"column":85}},"111":{"start":{"line":603,"column":8},"end":{"line":603,"column":73}},"112":{"start":{"line":613,"column":8},"end":{"line":613,"column":99}},"113":{"start":{"line":615,"column":8},"end":{"line":615,"column":25991}}},"branchMap":{"1":{"line":143,"type":"if","locations":[{"start":{"line":143,"column":8},"end":{"line":143,"column":8}},{"start":{"line":143,"column":8},"end":{"line":143,"column":8}}]},"2":{"line":170,"type":"if","locations":[{"start":{"line":170,"column":8},"end":{"line":170,"column":8}},{"start":{"line":170,"column":8},"end":{"line":170,"column":8}}]},"3":{"line":200,"type":"if","locations":[{"start":{"line":200,"column":15},"end":{"line":200,"column":15}},{"start":{"line":200,"column":15},"end":{"line":200,"column":15}}]},"4":{"line":200,"type":"if","locations":[{"start":{"line":200,"column":29},"end":{"line":200,"column":29}},{"start":{"line":200,"column":29},"end":{"line":200,"column":29}}]},"5":{"line":200,"type":"if","locations":[{"start":{"line":200,"column":43},"end":{"line":200,"column":43}},{"start":{"line":200,"column":43},"end":{"line":200,"column":43}}]},"6":{"line":201,"type":"if","locations":[{"start":{"line":201,"column":8},"end":{"line":201,"column":8}},{"start":{"line":201,"column":8},"end":{"line":201,"column":8}}]},"7":{"line":202,"type":"if","locations":[{"start":{"line":202,"column":8},"end":{"line":202,"column":8}},{"start":{"line":202,"column":8},"end":{"line":202,"column":8}}]},"8":{"line":221,"type":"if","locations":[{"start":{"line":221,"column":8},"end":{"line":221,"column":8}},{"start":{"line":221,"column":8},"end":{"line":221,"column":8}}]},"9":{"line":222,"type":"if","locations":[{"start":{"line":222,"column":8},"end":{"line":222,"column":8}},{"start":{"line":222,"column":8},"end":{"line":222,"column":8}}]},"10":{"line":223,"type":"if","locations":[{"start":{"line":223,"column":8},"end":{"line":223,"column":8}},{"start":{"line":223,"column":8},"end":{"line":223,"column":8}}]},"11":{"line":228,"type":"if","locations":[{"start":{"line":228,"column":8},"end":{"line":228,"column":8}},{"start":{"line":228,"column":8},"end":{"line":228,"column":8}}]},"12":{"line":229,"type":"if","locations":[{"start":{"line":229,"column":8},"end":{"line":229,"column":8}},{"start":{"line":229,"column":8},"end":{"line":229,"column":8}}]},"13":{"line":234,"type":"if","locations":[{"start":{"line":234,"column":8},"end":{"line":234,"column":8}},{"start":{"line":234,"column":8},"end":{"line":234,"column":8}}]},"14":{"line":240,"type":"if","locations":[{"start":{"line":240,"column":8},"end":{"line":240,"column":8}},{"start":{"line":240,"column":8},"end":{"line":240,"column":8}}]},"15":{"line":261,"type":"if","locations":[{"start":{"line":261,"column":15},"end":{"line":261,"column":15}},{"start":{"line":261,"column":15},"end":{"line":261,"column":15}}]},"16":{"line":265,"type":"if","locations":[{"start":{"line":265,"column":8},"end":{"line":265,"column":8}},{"start":{"line":265,"column":8},"end":{"line":265,"column":8}}]},"17":{"line":288,"type":"if","locations":[{"start":{"line":288,"column":48},"end":{"line":288,"column":48}},{"start":{"line":288,"column":48},"end":{"line":288,"column":48}}]},"18":{"line":289,"type":"if","locations":[{"start":{"line":289,"column":8},"end":{"line":289,"column":8}},{"start":{"line":289,"column":8},"end":{"line":289,"column":8}}]},"19":{"line":291,"type":"if","locations":[{"start":{"line":291,"column":12},"end":{"line":291,"column":12}},{"start":{"line":291,"column":12},"end":{"line":291,"column":12}}]},"20":{"line":295,"type":"if","locations":[{"start":{"line":295,"column":12},"end":{"line":295,"column":12}},{"start":{"line":295,"column":12},"end":{"line":295,"column":12}}]},"21":{"line":305,"type":"if","locations":[{"start":{"line":305,"column":82},"end":{"line":305,"column":82}},{"start":{"line":305,"column":82},"end":{"line":305,"column":82}}]},"22":{"line":314,"type":"if","locations":[{"start":{"line":314,"column":30},"end":{"line":314,"column":30}},{"start":{"line":314,"column":30},"end":{"line":314,"column":30}}]},"23":{"line":321,"type":"if","locations":[{"start":{"line":321,"column":32},"end":{"line":321,"column":32}},{"start":{"line":321,"column":32},"end":{"line":321,"column":32}}]},"24":{"line":366,"type":"if","locations":[{"start":{"line":366,"column":8},"end":{"line":366,"column":8}},{"start":{"line":366,"column":8},"end":{"line":366,"column":8}}]},"25":{"line":367,"type":"if","locations":[{"start":{"line":367,"column":8},"end":{"line":367,"column":8}},{"start":{"line":367,"column":8},"end":{"line":367,"column":8}}]},"26":{"line":370,"type":"if","locations":[{"start":{"line":370,"column":8},"end":{"line":370,"column":8}},{"start":{"line":370,"column":8},"end":{"line":370,"column":8}}]},"27":{"line":375,"type":"if","locations":[{"start":{"line":375,"column":12},"end":{"line":375,"column":12}},{"start":{"line":375,"column":12},"end":{"line":375,"column":12}}]},"28":{"line":379,"type":"if","locations":[{"start":{"line":379,"column":12},"end":{"line":379,"column":12}},{"start":{"line":379,"column":12},"end":{"line":379,"column":12}}]},"29":{"line":383,"type":"if","locations":[{"start":{"line":383,"column":12},"end":{"line":383,"column":12}},{"start":{"line":383,"column":12},"end":{"line":383,"column":12}}]},"30":{"line":389,"type":"if","locations":[{"start":{"line":389,"column":12},"end":{"line":389,"column":12}},{"start":{"line":389,"column":12},"end":{"line":389,"column":12}}]},"31":{"line":392,"type":"if","locations":[{"start":{"line":392,"column":16},"end":{"line":392,"column":16}},{"start":{"line":392,"column":16},"end":{"line":392,"column":16}}]},"32":{"line":404,"type":"if","locations":[{"start":{"line":404,"column":53},"end":{"line":404,"column":53}},{"start":{"line":404,"column":53},"end":{"line":404,"column":53}}]},"33":{"line":406,"type":"if","locations":[{"start":{"line":406,"column":8},"end":{"line":406,"column":8}},{"start":{"line":406,"column":8},"end":{"line":406,"column":8}}]},"34":{"line":411,"type":"if","locations":[{"start":{"line":411,"column":8},"end":{"line":411,"column":8}},{"start":{"line":411,"column":8},"end":{"line":411,"column":8}}]},"35":{"line":416,"type":"if","locations":[{"start":{"line":416,"column":8},"end":{"line":416,"column":8}},{"start":{"line":416,"column":8},"end":{"line":416,"column":8}}]},"36":{"line":421,"type":"if","locations":[{"start":{"line":421,"column":8},"end":{"line":421,"column":8}},{"start":{"line":421,"column":8},"end":{"line":421,"column":8}}]},"37":{"line":432,"type":"if","locations":[{"start":{"line":432,"column":77},"end":{"line":432,"column":77}},{"start":{"line":432,"column":77},"end":{"line":432,"column":77}}]},"38":{"line":512,"type":"if","locations":[{"start":{"line":512,"column":8},"end":{"line":512,"column":8}},{"start":{"line":512,"column":8},"end":{"line":512,"column":8}}]},"39":{"line":514,"type":"if","locations":[{"start":{"line":514,"column":12},"end":{"line":514,"column":12}},{"start":{"line":514,"column":12},"end":{"line":514,"column":12}}]},"40":{"line":521,"type":"if","locations":[{"start":{"line":521,"column":8},"end":{"line":521,"column":8}},{"start":{"line":521,"column":8},"end":{"line":521,"column":8}}]},"41":{"line":523,"type":"if","locations":[{"start":{"line":523,"column":12},"end":{"line":523,"column":12}},{"start":{"line":523,"column":12},"end":{"line":523,"column":12}}]},"42":{"line":530,"type":"if","locations":[{"start":{"line":530,"column":8},"end":{"line":530,"column":8}},{"start":{"line":530,"column":8},"end":{"line":530,"column":8}}]},"43":{"line":532,"type":"if","locations":[{"start":{"line":532,"column":12},"end":{"line":532,"column":12}},{"start":{"line":532,"column":12},"end":{"line":532,"column":12}}]},"44":{"line":539,"type":"if","locations":[{"start":{"line":539,"column":8},"end":{"line":539,"column":8}},{"start":{"line":539,"column":8},"end":{"line":539,"column":8}}]},"45":{"line":542,"type":"if","locations":[{"start":{"line":542,"column":12},"end":{"line":542,"column":12}},{"start":{"line":542,"column":12},"end":{"line":542,"column":12}}]},"46":{"line":558,"type":"if","locations":[{"start":{"line":558,"column":8},"end":{"line":558,"column":8}},{"start":{"line":558,"column":8},"end":{"line":558,"column":8}}]},"47":{"line":565,"type":"if","locations":[{"start":{"line":565,"column":8},"end":{"line":565,"column":8}},{"start":{"line":565,"column":8},"end":{"line":565,"column":8}}]},"48":{"line":572,"type":"if","locations":[{"start":{"line":572,"column":8},"end":{"line":572,"column":8}},{"start":{"line":572,"column":8},"end":{"line":572,"column":8}}]},"49":{"line":578,"type":"if","locations":[{"start":{"line":578,"column":18},"end":{"line":578,"column":71}},{"start":{"line":579,"column":18},"end":{"line":579,"column":80}}]},"50":{"line":584,"type":"if","locations":[{"start":{"line":584,"column":8},"end":{"line":584,"column":8}},{"start":{"line":584,"column":8},"end":{"line":584,"column":8}}]},"51":{"line":590,"type":"if","locations":[{"start":{"line":590,"column":18},"end":{"line":590,"column":112}},{"start":{"line":591,"column":18},"end":{"line":591,"column":102}}]},"52":{"line":602,"type":"if","locations":[{"start":{"line":602,"column":8},"end":{"line":602,"column":8}},{"start":{"line":602,"column":8},"end":{"line":602,"column":8}}]},"53":{"line":613,"type":"if","locations":[{"start":{"line":613,"column":8},"end":{"line":613,"column":8}},{"start":{"line":613,"column":8},"end":{"line":613,"column":8}}]}}}}